<?xml version="1.0" encoding="UTF-8"?>
<!-- Generated by org.testng.reporters.JUnitReportReporter -->
<testsuite skipped="0" hostname="DESKTOP-6GJ863T" name="test.LoginTest" tests="1" failures="0" timestamp="27 Feb 2020 05:12:17 GMT" time="31.602" errors="0">
  <testcase name="userShouldBeAbleToCreateDraft" time="31.602" classname="test.LoginTest"/>
</testsuite> <!-- test.LoginTest -->
